{"numTotalTestSuites":529,"numPassedTestSuites":529,"numFailedTestSuites":0,"numPendingTestSuites":0,"numTotalTests":1419,"numPassedTests":1419,"numFailedTests":0,"numPendingTests":0,"numTodoTests":0,"snapshot":{"added":0,"failure":false,"filesAdded":0,"filesRemoved":0,"filesRemovedList":[],"filesUnmatched":0,"filesUpdated":0,"matched":0,"total":0,"unchecked":0,"uncheckedKeysByFile":[],"unmatched":0,"updated":0,"didUpdate":false},"startTime":1765540574353,"success":true,"testResults":[{"assertionResults":[{"ancestorTitles":["App"],"fullName":"App renders the application title in header","status":"passed","title":"renders the application title in header","duration":99.99754199999916,"failureMessages":[],"meta":{}},{"ancestorTitles":["App"],"fullName":"App renders the control panel","status":"passed","title":"renders the control panel","duration":40.454124999998385,"failureMessages":[],"meta":{}},{"ancestorTitles":["App"],"fullName":"App renders the Object section with dimension selector","status":"passed","title":"renders the Object section with dimension selector","duration":35.76520899999923,"failureMessages":[],"meta":{}},{"ancestorTitles":["App"],"fullName":"App renders the Rotation section","status":"passed","title":"renders the Rotation section","duration":35.563083999999435,"failureMessages":[],"meta":{}},{"ancestorTitles":["App"],"fullName":"App renders the Projection section","status":"passed","title":"renders the Projection section","duration":26.227750000000015,"failureMessages":[],"meta":{}}],"startTime":1765540583233,"endTime":1765540583471.2278,"status":"passed","message":"","name":"/Users/Spare/Documents/code/mdimension/src/App.test.tsx"},{"assertionResults":[{"ancestorTitles":["KeyboardShortcuts"],"fullName":"KeyboardShortcuts should render keyboard shortcuts","status":"passed","title":"should render keyboard shortcuts","duration":21.15058300000055,"failureMessages":[],"meta":{}},{"ancestorTitles":["KeyboardShortcuts"],"fullName":"KeyboardShortcuts should display all shortcuts","status":"passed","title":"should display all shortcuts","duration":8.144540999999663,"failureMessages":[],"meta":{}},{"ancestorTitles":["KeyboardShortcuts"],"fullName":"KeyboardShortcuts should display keyboard keys","status":"passed","title":"should display keyboard keys","duration":4.486124999999447,"failureMessages":[],"meta":{}},{"ancestorTitles":["KeyboardShortcuts"],"fullName":"KeyboardShortcuts should apply custom className","status":"passed","title":"should apply custom className","duration":1.9087499999986903,"failureMessages":[],"meta":{}},{"ancestorTitles":["KeyboardShortcuts"],"fullName":"KeyboardShortcuts should display Space key label","status":"passed","title":"should display Space key label","duration":3.2037920000002487,"failureMessages":[],"meta":{}},{"ancestorTitles":["KeyboardShortcuts"],"fullName":"KeyboardShortcuts should display arrow key labels","status":"passed","title":"should display arrow key labels","duration":3.2773329999999987,"failureMessages":[],"meta":{}},{"ancestorTitles":["KeyboardShortcuts"],"fullName":"KeyboardShortcuts should display Ctrl modifier","status":"passed","title":"should display Ctrl modifier","duration":5.228666000000885,"failureMessages":[],"meta":{}}],"startTime":1765540582731,"endTime":1765540582779.2288,"status":"passed","message":"","name":"/Users/Spare/Documents/code/mdimension/src/tests/components/KeyboardShortcuts.test.tsx"},{"assertionResults":[{"ancestorTitles":["ResponsiveLayout"],"fullName":"ResponsiveLayout should render canvas and controls","status":"passed","title":"should render canvas and controls","duration":18.1470419999996,"failureMessages":[],"meta":{}},{"ancestorTitles":["ResponsiveLayout"],"fullName":"ResponsiveLayout should render header when provided","status":"passed","title":"should render header when provided","duration":6.2702500000004875,"failureMessages":[],"meta":{}},{"ancestorTitles":["ResponsiveLayout","mobile layout"],"fullName":"ResponsiveLayout mobile layout should show toggle button","status":"passed","title":"should show toggle button","duration":34.917750000000524,"failureMessages":[],"meta":{}},{"ancestorTitles":["ResponsiveLayout","mobile layout"],"fullName":"ResponsiveLayout mobile layout should toggle controls visibility","status":"passed","title":"should toggle controls visibility","duration":30.62420800000018,"failureMessages":[],"meta":{}},{"ancestorTitles":["ResponsiveLayout","tablet layout"],"fullName":"ResponsiveLayout tablet layout should show collapsible side panel","status":"passed","title":"should show collapsible side panel","duration":2.6200410000001284,"failureMessages":[],"meta":{}},{"ancestorTitles":["ResponsiveLayout","tablet layout"],"fullName":"ResponsiveLayout tablet layout should have collapse button","status":"passed","title":"should have collapse button","duration":3.8310419999997976,"failureMessages":[],"meta":{}},{"ancestorTitles":["ResponsiveLayout","desktop layout"],"fullName":"ResponsiveLayout desktop layout should show full side panel","status":"passed","title":"should show full side panel","duration":1.3737499999997453,"failureMessages":[],"meta":{}},{"ancestorTitles":["ResponsiveLayout","desktop layout"],"fullName":"ResponsiveLayout desktop layout should not show toggle button","status":"passed","title":"should not show toggle button","duration":7.815832999999657,"failureMessages":[],"meta":{}}],"startTime":1765540579701,"endTime":1765540579806.816,"status":"passed","message":"","name":"/Users/Spare/Documents/code/mdimension/src/tests/components/ResponsiveLayout.test.tsx"},{"assertionResults":[{"ancestorTitles":["ShareButton"],"fullName":"ShareButton should render share button","status":"passed","title":"should render share button","duration":49.46929200000068,"failureMessages":[],"meta":{}},{"ancestorTitles":["ShareButton"],"fullName":"ShareButton should copy URL to clipboard on click","status":"passed","title":"should copy URL to clipboard on click","duration":12.937332999999853,"failureMessages":[],"meta":{}},{"ancestorTitles":["ShareButton"],"fullName":"ShareButton should show copied message after click","status":"passed","title":"should show copied message after click","duration":16.76316599999973,"failureMessages":[],"meta":{}},{"ancestorTitles":["ShareButton"],"fullName":"ShareButton should include dimension in URL","status":"passed","title":"should include dimension in URL","duration":6.000042000000576,"failureMessages":[],"meta":{}},{"ancestorTitles":["ShareButton"],"fullName":"ShareButton should include object type in URL","status":"passed","title":"should include object type in URL","duration":4.011665999999423,"failureMessages":[],"meta":{}},{"ancestorTitles":["ShareButton"],"fullName":"ShareButton should apply custom className","status":"passed","title":"should apply custom className","duration":6.404458000000886,"failureMessages":[],"meta":{}}],"startTime":1765540581612,"endTime":1765540581707.4045,"status":"passed","message":"","name":"/Users/Spare/Documents/code/mdimension/src/tests/components/ShareButton.test.tsx"},{"assertionResults":[{"ancestorTitles":["useCrossSectionCalculator"],"fullName":"useCrossSectionCalculator should return null if disabled","status":"passed","title":"should return null if disabled","duration":7.381000000000313,"failureMessages":[],"meta":{}},{"ancestorTitles":["useCrossSectionCalculator"],"fullName":"useCrossSectionCalculator should return null if dimension < 4","status":"passed","title":"should return null if dimension < 4","duration":1.0569580000001224,"failureMessages":[],"meta":{}},{"ancestorTitles":["useCrossSectionCalculator"],"fullName":"useCrossSectionCalculator should calculate intersection","status":"passed","title":"should calculate intersection","duration":1.300000000000182,"failureMessages":[],"meta":{}},{"ancestorTitles":["useCrossSectionCalculator"],"fullName":"useCrossSectionCalculator should handle no intersection","status":"passed","title":"should handle no intersection","duration":0.7822499999992942,"failureMessages":[],"meta":{}}],"startTime":1765540581775,"endTime":1765540581785.7822,"status":"passed","message":"","name":"/Users/Spare/Documents/code/mdimension/src/tests/hooks/useCrossSectionCalculator.test.ts"},{"assertionResults":[{"ancestorTitles":["useFaceDetection"],"fullName":"useFaceDetection should return empty array for point clouds","status":"passed","title":"should return empty array for point clouds","duration":6.678958000000421,"failureMessages":[],"meta":{}},{"ancestorTitles":["useFaceDetection"],"fullName":"useFaceDetection should detect faces for hypercube (3D)","status":"passed","title":"should detect faces for hypercube (3D)","duration":1.2965000000003783,"failureMessages":[],"meta":{}}],"startTime":1765540582884,"endTime":1765540582892.2964,"status":"passed","message":"","name":"/Users/Spare/Documents/code/mdimension/src/tests/hooks/useFaceDetection.test.ts"},{"assertionResults":[{"ancestorTitles":["useGeometryGenerator"],"fullName":"useGeometryGenerator should generate initial geometry (3D hypercube)","status":"passed","title":"should generate initial geometry (3D hypercube)","duration":9.977125000000342,"failureMessages":[],"meta":{}},{"ancestorTitles":["useGeometryGenerator"],"fullName":"useGeometryGenerator should update geometry when dimension changes","status":"passed","title":"should update geometry when dimension changes","duration":2.4554169999992155,"failureMessages":[],"meta":{}},{"ancestorTitles":["useGeometryGenerator"],"fullName":"useGeometryGenerator should update geometry when object type changes","status":"passed","title":"should update geometry when object type changes","duration":3.926915999999437,"failureMessages":[],"meta":{}},{"ancestorTitles":["useGeometryGenerator"],"fullName":"useGeometryGenerator should use extended object params","status":"passed","title":"should use extended object params","duration":1.4683329999998023,"failureMessages":[],"meta":{}}],"startTime":1765540581986,"endTime":1765540582004.4683,"status":"passed","message":"","name":"/Users/Spare/Documents/code/mdimension/src/tests/hooks/useGeometryGenerator.test.ts"},{"assertionResults":[{"ancestorTitles":["useKeyboardShortcuts"],"fullName":"useKeyboardShortcuts should register event listener when enabled","status":"passed","title":"should register event listener when enabled","duration":13.479542000000038,"failureMessages":[],"meta":{}},{"ancestorTitles":["useKeyboardShortcuts"],"fullName":"useKeyboardShortcuts should not register event listener when disabled","status":"passed","title":"should not register event listener when disabled","duration":2.4641670000000886,"failureMessages":[],"meta":{}},{"ancestorTitles":["useKeyboardShortcuts"],"fullName":"useKeyboardShortcuts should cleanup event listener on unmount","status":"passed","title":"should cleanup event listener on unmount","duration":1.6090830000002825,"failureMessages":[],"meta":{}},{"ancestorTitles":["useKeyboardShortcuts"],"fullName":"useKeyboardShortcuts should toggle play on space key","status":"passed","title":"should toggle play on space key","duration":1.317374999999629,"failureMessages":[],"meta":{}},{"ancestorTitles":["useKeyboardShortcuts"],"fullName":"useKeyboardShortcuts should increase dimension on arrow up","status":"passed","title":"should increase dimension on arrow up","duration":6.116417000000183,"failureMessages":[],"meta":{}},{"ancestorTitles":["useKeyboardShortcuts"],"fullName":"useKeyboardShortcuts should not increase dimension beyond MAX_DIMENSION (11)","status":"passed","title":"should not increase dimension beyond MAX_DIMENSION (11)","duration":1.1931660000000193,"failureMessages":[],"meta":{}},{"ancestorTitles":["useKeyboardShortcuts"],"fullName":"useKeyboardShortcuts should decrease dimension on arrow down","status":"passed","title":"should decrease dimension on arrow down","duration":2.734458999999788,"failureMessages":[],"meta":{}},{"ancestorTitles":["useKeyboardShortcuts"],"fullName":"useKeyboardShortcuts should not decrease dimension below 3","status":"passed","title":"should not decrease dimension below 3","duration":1.186833000000206,"failureMessages":[],"meta":{}},{"ancestorTitles":["useKeyboardShortcuts"],"fullName":"useKeyboardShortcuts should select hypercube on key 1","status":"passed","title":"should select hypercube on key 1","duration":1.296458000000257,"failureMessages":[],"meta":{}},{"ancestorTitles":["useKeyboardShortcuts"],"fullName":"useKeyboardShortcuts should select simplex on key 2","status":"passed","title":"should select simplex on key 2","duration":0.5027920000002268,"failureMessages":[],"meta":{}},{"ancestorTitles":["useKeyboardShortcuts"],"fullName":"useKeyboardShortcuts should select cross-polytope on key 3","status":"passed","title":"should select cross-polytope on key 3","duration":0.4517500000001746,"failureMessages":[],"meta":{}},{"ancestorTitles":["useKeyboardShortcuts"],"fullName":"useKeyboardShortcuts should increase speed on + key","status":"passed","title":"should increase speed on + key","duration":0.8031670000000304,"failureMessages":[],"meta":{}},{"ancestorTitles":["useKeyboardShortcuts"],"fullName":"useKeyboardShortcuts should decrease speed on - key","status":"passed","title":"should decrease speed on - key","duration":0.59762499999988,"failureMessages":[],"meta":{}},{"ancestorTitles":["useKeyboardShortcuts"],"fullName":"useKeyboardShortcuts should toggle direction on d key","status":"passed","title":"should toggle direction on d key","duration":0.4112079999999878,"failureMessages":[],"meta":{}},{"ancestorTitles":["useKeyboardShortcuts"],"fullName":"useKeyboardShortcuts should reset rotations on r key","status":"passed","title":"should reset rotations on r key","duration":0.5380000000000109,"failureMessages":[],"meta":{}},{"ancestorTitles":["useKeyboardShortcuts"],"fullName":"useKeyboardShortcuts should not trigger shortcuts in input fields","status":"passed","title":"should not trigger shortcuts in input fields","duration":1.3200410000004013,"failureMessages":[],"meta":{}},{"ancestorTitles":["getShortcutLabel"],"fullName":"getShortcutLabel should format simple key","status":"passed","title":"should format simple key","duration":0.07004099999994651,"failureMessages":[],"meta":{}},{"ancestorTitles":["getShortcutLabel"],"fullName":"getShortcutLabel should format space key","status":"passed","title":"should format space key","duration":0.04420899999968242,"failureMessages":[],"meta":{}},{"ancestorTitles":["getShortcutLabel"],"fullName":"getShortcutLabel should format arrow keys","status":"passed","title":"should format arrow keys","duration":0.05375000000003638,"failureMessages":[],"meta":{}},{"ancestorTitles":["getShortcutLabel"],"fullName":"getShortcutLabel should format ctrl + key","status":"passed","title":"should format ctrl + key","duration":0.045957999999700405,"failureMessages":[],"meta":{}},{"ancestorTitles":["getShortcutLabel"],"fullName":"getShortcutLabel should format shift + key","status":"passed","title":"should format shift + key","duration":0.043791999999939435,"failureMessages":[],"meta":{}},{"ancestorTitles":["getShortcutLabel"],"fullName":"getShortcutLabel should format alt + key","status":"passed","title":"should format alt + key","duration":0.044249999999919964,"failureMessages":[],"meta":{}},{"ancestorTitles":["getShortcutLabel"],"fullName":"getShortcutLabel should format multiple modifiers","status":"passed","title":"should format multiple modifiers","duration":0.04333300000007512,"failureMessages":[],"meta":{}},{"ancestorTitles":["SHORTCUTS"],"fullName":"SHORTCUTS should have all required shortcuts defined","status":"passed","title":"should have all required shortcuts defined","duration":0.26433399999996254,"failureMessages":[],"meta":{}},{"ancestorTitles":["SHORTCUTS"],"fullName":"SHORTCUTS should have space shortcut for play/pause","status":"passed","title":"should have space shortcut for play/pause","duration":0.09216699999979028,"failureMessages":[],"meta":{}},{"ancestorTitles":["SHORTCUTS"],"fullName":"SHORTCUTS should have arrow shortcuts for dimension","status":"passed","title":"should have arrow shortcuts for dimension","duration":0.05724999999983993,"failureMessages":[],"meta":{}}],"startTime":1765540576675,"endTime":1765540576713.2644,"status":"passed","message":"","name":"/Users/Spare/Documents/code/mdimension/src/tests/hooks/useKeyboardShortcuts.test.ts"},{"assertionResults":[{"ancestorTitles":["useMediaQuery"],"fullName":"useMediaQuery should return initial match state","status":"passed","title":"should return initial match state","duration":7.581249999999272,"failureMessages":[],"meta":{}},{"ancestorTitles":["useMediaQuery"],"fullName":"useMediaQuery should return false when query does not match","status":"passed","title":"should return false when query does not match","duration":2.048917000000074,"failureMessages":[],"meta":{}},{"ancestorTitles":["useMediaQuery"],"fullName":"useMediaQuery should update when media query changes","status":"passed","title":"should update when media query changes","duration":2.122875000000022,"failureMessages":[],"meta":{}},{"ancestorTitles":["useMediaQuery"],"fullName":"useMediaQuery should cleanup event listener on unmount","status":"passed","title":"should cleanup event listener on unmount","duration":1.567124999999578,"failureMessages":[],"meta":{}},{"ancestorTitles":["useBreakpoint"],"fullName":"useBreakpoint should check if screen is at md breakpoint","status":"passed","title":"should check if screen is at md breakpoint","duration":1.2054580000003625,"failureMessages":[],"meta":{}},{"ancestorTitles":["useBreakpoint"],"fullName":"useBreakpoint should return false for non-matching breakpoint","status":"passed","title":"should return false for non-matching breakpoint","duration":0.5747919999994338,"failureMessages":[],"meta":{}},{"ancestorTitles":["useCurrentBreakpoint"],"fullName":"useCurrentBreakpoint should return 2xl for largest screens","status":"passed","title":"should return 2xl for largest screens","duration":0.7583340000001044,"failureMessages":[],"meta":{}},{"ancestorTitles":["useCurrentBreakpoint"],"fullName":"useCurrentBreakpoint should return null for smallest screens","status":"passed","title":"should return null for smallest screens","duration":1.1980419999999867,"failureMessages":[],"meta":{}},{"ancestorTitles":["useIsMobile"],"fullName":"useIsMobile should return true for mobile screens","status":"passed","title":"should return true for mobile screens","duration":1.8900000000003274,"failureMessages":[],"meta":{}},{"ancestorTitles":["useIsMobile"],"fullName":"useIsMobile should return false for larger screens","status":"passed","title":"should return false for larger screens","duration":0.4784589999999298,"failureMessages":[],"meta":{}},{"ancestorTitles":["useIsTablet"],"fullName":"useIsTablet should return true for tablet screens (md but not lg)","status":"passed","title":"should return true for tablet screens (md but not lg)","duration":0.385707999999795,"failureMessages":[],"meta":{}},{"ancestorTitles":["useIsDesktop"],"fullName":"useIsDesktop should return true for desktop screens","status":"passed","title":"should return true for desktop screens","duration":0.39445900000009715,"failureMessages":[],"meta":{}},{"ancestorTitles":["useIsDesktop"],"fullName":"useIsDesktop should return false for smaller screens","status":"passed","title":"should return false for smaller screens","duration":0.3318749999998545,"failureMessages":[],"meta":{}},{"ancestorTitles":["BREAKPOINTS"],"fullName":"BREAKPOINTS should have all standard breakpoints","status":"passed","title":"should have all standard breakpoints","duration":0.09787499999947613,"failureMessages":[],"meta":{}},{"ancestorTitles":["BREAKPOINTS"],"fullName":"BREAKPOINTS should have valid media query strings","status":"passed","title":"should have valid media query strings","duration":0.140625,"failureMessages":[],"meta":{}}],"startTime":1765540578263,"endTime":1765540578285.1406,"status":"passed","message":"","name":"/Users/Spare/Documents/code/mdimension/src/tests/hooks/useMediaQuery.test.ts"},{"assertionResults":[{"ancestorTitles":["useObjectTransformations"],"fullName":"useObjectTransformations should return vertices unchanged if no transformations applied","status":"passed","title":"should return vertices unchanged if no transformations applied","duration":8.431416000001263,"failureMessages":[],"meta":{}},{"ancestorTitles":["useObjectTransformations"],"fullName":"useObjectTransformations should apply uniform scale","status":"passed","title":"should apply uniform scale","duration":2.380417000000307,"failureMessages":[],"meta":{}},{"ancestorTitles":["useObjectTransformations"],"fullName":"useObjectTransformations should apply translation","status":"passed","title":"should apply translation","duration":2.528250000001208,"failureMessages":[],"meta":{}}],"startTime":1765540582700,"endTime":1765540582713.5283,"status":"passed","message":"","name":"/Users/Spare/Documents/code/mdimension/src/tests/hooks/useObjectTransformations.test.ts"},{"assertionResults":[{"ancestorTitles":["useProjectedVertices","empty input handling"],"fullName":"useProjectedVertices empty input handling should return empty array for empty input","status":"passed","title":"should return empty array for empty input","duration":12.119791999999961,"failureMessages":[],"meta":{}},{"ancestorTitles":["useProjectedVertices","3D vertices (no projection needed)"],"fullName":"useProjectedVertices 3D vertices (no projection needed) should pass through 3D vertices unchanged","status":"passed","title":"should pass through 3D vertices unchanged","duration":1.9609999999997854,"failureMessages":[],"meta":{}},{"ancestorTitles":["useProjectedVertices","perspective projection"],"fullName":"useProjectedVertices perspective projection should make vertices with higher W appear smaller (4D hypercube)","status":"passed","title":"should make vertices with higher W appear smaller (4D hypercube)","duration":1.6145419999998012,"failureMessages":[],"meta":{}},{"ancestorTitles":["useProjectedVertices","perspective projection"],"fullName":"useProjectedVertices perspective projection should respond to distance changes","status":"passed","title":"should respond to distance changes","duration":5.549999999999727,"failureMessages":[],"meta":{}},{"ancestorTitles":["useProjectedVertices","perspective projection"],"fullName":"useProjectedVertices perspective projection should handle 5D vertices with recursive projection","status":"passed","title":"should handle 5D vertices with recursive projection","duration":3.7735419999999067,"failureMessages":[],"meta":{}},{"ancestorTitles":["useProjectedVertices","perspective projection"],"fullName":"useProjectedVertices perspective projection should handle 6D vertices","status":"passed","title":"should handle 6D vertices","duration":2.2599159999999756,"failureMessages":[],"meta":{}},{"ancestorTitles":["useProjectedVertices","orthographic projection"],"fullName":"useProjectedVertices orthographic projection should ignore W coordinate completely","status":"passed","title":"should ignore W coordinate completely","duration":1.4350829999998496,"failureMessages":[],"meta":{}},{"ancestorTitles":["useProjectedVertices","orthographic projection"],"fullName":"useProjectedVertices orthographic projection should make inner and outer structures same size","status":"passed","title":"should make inner and outer structures same size","duration":0.7519170000000486,"failureMessages":[],"meta":{}},{"ancestorTitles":["useProjectedVertices","orthographic projection"],"fullName":"useProjectedVertices orthographic projection should work for 5D and 6D vertices","status":"passed","title":"should work for 5D and 6D vertices","duration":2.745875000000069,"failureMessages":[],"meta":{}},{"ancestorTitles":["useProjectedVertices","edge cases"],"fullName":"useProjectedVertices edge cases should not produce NaN values","status":"passed","title":"should not produce NaN values","duration":1.4773330000002716,"failureMessages":[],"meta":{}},{"ancestorTitles":["useProjectedVertices","edge cases"],"fullName":"useProjectedVertices edge cases should not produce Infinity values","status":"passed","title":"should not produce Infinity values","duration":0.7443750000002183,"failureMessages":[],"meta":{}},{"ancestorTitles":["useProjectedVertices","edge cases"],"fullName":"useProjectedVertices edge cases should handle invalid vertices gracefully","status":"passed","title":"should handle invalid vertices gracefully","duration":0.4691250000000764,"failureMessages":[],"meta":{}},{"ancestorTitles":["useProjectedVertices","memoization"],"fullName":"useProjectedVertices memoization should return same reference when inputs unchanged","status":"passed","title":"should return same reference when inputs unchanged","duration":0.5369160000000193,"failureMessages":[],"meta":{}},{"ancestorTitles":["useProjectedVertices","memoization"],"fullName":"useProjectedVertices memoization should recompute when projection type changes","status":"passed","title":"should recompute when projection type changes","duration":0.780666999999994,"failureMessages":[],"meta":{}},{"ancestorTitles":["useProjectedVertices","memoization"],"fullName":"useProjectedVertices memoization should recompute when distance changes (perspective only)","status":"passed","title":"should recompute when distance changes (perspective only)","duration":0.726709000000028,"failureMessages":[],"meta":{}}],"startTime":1765540576670,"endTime":1765540576707.7268,"status":"passed","message":"","name":"/Users/Spare/Documents/code/mdimension/src/tests/hooks/useProjectedVertices.test.ts"},{"assertionResults":[{"ancestorTitles":["useRotatedVertices","empty input handling"],"fullName":"useRotatedVertices empty input handling should return empty array for empty input","status":"passed","title":"should return empty array for empty input","duration":10.720000000000027,"failureMessages":[],"meta":{}},{"ancestorTitles":["useRotatedVertices","no rotation (identity matrix)"],"fullName":"useRotatedVertices no rotation (identity matrix) should return unchanged vertices when no rotation","status":"passed","title":"should return unchanged vertices when no rotation","duration":1.5856249999999363,"failureMessages":[],"meta":{}},{"ancestorTitles":["useRotatedVertices","no rotation (identity matrix)"],"fullName":"useRotatedVertices no rotation (identity matrix) should handle 4D vertices with no rotation","status":"passed","title":"should handle 4D vertices with no rotation","duration":1.16924999999992,"failureMessages":[],"meta":{}},{"ancestorTitles":["useRotatedVertices","3D rotations"],"fullName":"useRotatedVertices 3D rotations should rotate 90 degrees in XY plane","status":"passed","title":"should rotate 90 degrees in XY plane","duration":0.8194170000001577,"failureMessages":[],"meta":{}},{"ancestorTitles":["useRotatedVertices","3D rotations"],"fullName":"useRotatedVertices 3D rotations should rotate 90 degrees in XZ plane","status":"passed","title":"should rotate 90 degrees in XZ plane","duration":1.291082999999844,"failureMessages":[],"meta":{}},{"ancestorTitles":["useRotatedVertices","3D rotations"],"fullName":"useRotatedVertices 3D rotations should rotate 90 degrees in YZ plane","status":"passed","title":"should rotate 90 degrees in YZ plane","duration":0.8654169999999795,"failureMessages":[],"meta":{}},{"ancestorTitles":["useRotatedVertices","3D rotations"],"fullName":"useRotatedVertices 3D rotations should handle 45-degree rotation","status":"passed","title":"should handle 45-degree rotation","duration":0.6876250000000255,"failureMessages":[],"meta":{}},{"ancestorTitles":["useRotatedVertices","3D rotations"],"fullName":"useRotatedVertices 3D rotations should rotate multiple vertices consistently","status":"passed","title":"should rotate multiple vertices consistently","duration":2.6171670000001086,"failureMessages":[],"meta":{}},{"ancestorTitles":["useRotatedVertices","4D rotations"],"fullName":"useRotatedVertices 4D rotations should rotate in XW plane","status":"passed","title":"should rotate in XW plane","duration":2.79033400000003,"failureMessages":[],"meta":{}},{"ancestorTitles":["useRotatedVertices","4D rotations"],"fullName":"useRotatedVertices 4D rotations should rotate in YW plane","status":"passed","title":"should rotate in YW plane","duration":2.182167000000163,"failureMessages":[],"meta":{}},{"ancestorTitles":["useRotatedVertices","4D rotations"],"fullName":"useRotatedVertices 4D rotations should rotate in ZW plane","status":"passed","title":"should rotate in ZW plane","duration":0.7712499999997817,"failureMessages":[],"meta":{}},{"ancestorTitles":["useRotatedVertices","4D rotations"],"fullName":"useRotatedVertices 4D rotations should compose 3D and 4D rotations","status":"passed","title":"should compose 3D and 4D rotations","duration":3.347750000000133,"failureMessages":[],"meta":{}},{"ancestorTitles":["useRotatedVertices","5D rotations"],"fullName":"useRotatedVertices 5D rotations should rotate in 5th dimension planes","status":"passed","title":"should rotate in 5th dimension planes","duration":0.5652080000002115,"failureMessages":[],"meta":{}},{"ancestorTitles":["useRotatedVertices","5D rotations"],"fullName":"useRotatedVertices 5D rotations should handle all 10 rotation planes","status":"passed","title":"should handle all 10 rotation planes","duration":0.6516250000001946,"failureMessages":[],"meta":{}},{"ancestorTitles":["useRotatedVertices","rotation updates"],"fullName":"useRotatedVertices rotation updates should update when rotation changes","status":"passed","title":"should update when rotation changes","duration":2.548416999999972,"failureMessages":[],"meta":{}},{"ancestorTitles":["useRotatedVertices","rotation updates"],"fullName":"useRotatedVertices rotation updates should update when rotation is reset","status":"passed","title":"should update when rotation is reset","duration":0.8212499999999636,"failureMessages":[],"meta":{}},{"ancestorTitles":["useRotatedVertices","memoization"],"fullName":"useRotatedVertices memoization should return same reference when inputs unchanged","status":"passed","title":"should return same reference when inputs unchanged","duration":0.5941660000000866,"failureMessages":[],"meta":{}},{"ancestorTitles":["useRotatedVertices","memoization"],"fullName":"useRotatedVertices memoization should recompute when rotation changes","status":"passed","title":"should recompute when rotation changes","duration":0.8039999999998599,"failureMessages":[],"meta":{}},{"ancestorTitles":["useRotatedVertices","memoization"],"fullName":"useRotatedVertices memoization should recompute when vertices change","status":"passed","title":"should recompute when vertices change","duration":0.49166600000012295,"failureMessages":[],"meta":{}},{"ancestorTitles":["useRotatedVertices","edge cases"],"fullName":"useRotatedVertices edge cases should handle zero vector","status":"passed","title":"should handle zero vector","duration":0.4004170000000613,"failureMessages":[],"meta":{}},{"ancestorTitles":["useRotatedVertices","edge cases"],"fullName":"useRotatedVertices edge cases should not produce NaN values","status":"passed","title":"should not produce NaN values","duration":0.4549170000000231,"failureMessages":[],"meta":{}},{"ancestorTitles":["useRotatedVertices","edge cases"],"fullName":"useRotatedVertices edge cases should preserve vector length (rotation is orthogonal)","status":"passed","title":"should preserve vector length (rotation is orthogonal)","duration":0.36691700000005767,"failureMessages":[],"meta":{}}],"startTime":1765540575643,"endTime":1765540575681.367,"status":"passed","message":"","name":"/Users/Spare/Documents/code/mdimension/src/tests/hooks/useRotatedVertices.test.ts"},{"assertionResults":[{"ancestorTitles":["useTransformedVertices"],"fullName":"useTransformedVertices should return empty array for empty input","status":"passed","title":"should return empty array for empty input","duration":7.099958000000697,"failureMessages":[],"meta":{}},{"ancestorTitles":["useTransformedVertices"],"fullName":"useTransformedVertices should apply shear matrix","status":"passed","title":"should apply shear matrix","duration":2.0862090000000535,"failureMessages":[],"meta":{}},{"ancestorTitles":["useTransformedVertices"],"fullName":"useTransformedVertices should apply translation","status":"passed","title":"should apply translation","duration":0.6595409999999902,"failureMessages":[],"meta":{}},{"ancestorTitles":["useTransformedVertices"],"fullName":"useTransformedVertices should apply shear then translation","status":"passed","title":"should apply shear then translation","duration":1.2381249999998545,"failureMessages":[],"meta":{}},{"ancestorTitles":["useTransformedVertices"],"fullName":"useTransformedVertices should memoize results","status":"passed","title":"should memoize results","duration":0.7977499999997235,"failureMessages":[],"meta":{}},{"ancestorTitles":["useTransformedVertices"],"fullName":"useTransformedVertices should update when inputs change","status":"passed","title":"should update when inputs change","duration":2.4656250000007276,"failureMessages":[],"meta":{}}],"startTime":1765540581054,"endTime":1765540581068.4656,"status":"passed","message":"","name":"/Users/Spare/Documents/code/mdimension/src/tests/hooks/useTransformedVertices.test.ts"},{"assertionResults":[{"ancestorTitles":["useVertexSize","base vertex size calculation"],"fullName":"useVertexSize base vertex size calculation should calculate base size from store vertex size","status":"passed","title":"should calculate base size from store vertex size","duration":7.675790999999663,"failureMessages":[],"meta":{}},{"ancestorTitles":["useVertexSize","base vertex size calculation"],"fullName":"useVertexSize base vertex size calculation should update when store vertex size changes","status":"passed","title":"should update when store vertex size changes","duration":2.768332999999984,"failureMessages":[],"meta":{}},{"ancestorTitles":["useVertexSize","base vertex size calculation"],"fullName":"useVertexSize base vertex size calculation should respect vertex size divisor constant","status":"passed","title":"should respect vertex size divisor constant","duration":5.520457999999962,"failureMessages":[],"meta":{}},{"ancestorTitles":["useVertexSize","density scaling"],"fullName":"useVertexSize density scaling should not scale for vertex counts at or below threshold","status":"passed","title":"should not scale for vertex counts at or below threshold","duration":2.495832999999948,"failureMessages":[],"meta":{}},{"ancestorTitles":["useVertexSize","density scaling"],"fullName":"useVertexSize density scaling should scale down for vertex counts above threshold","status":"passed","title":"should scale down for vertex counts above threshold","duration":1.601542000000336,"failureMessages":[],"meta":{}},{"ancestorTitles":["useVertexSize","density scaling"],"fullName":"useVertexSize density scaling should apply correct scaling formula","status":"passed","title":"should apply correct scaling formula","duration":2.011333000000377,"failureMessages":[],"meta":{}},{"ancestorTitles":["useVertexSize","density scaling"],"fullName":"useVertexSize density scaling should respect minimum scale factor","status":"passed","title":"should respect minimum scale factor","duration":2.005374999999731,"failureMessages":[],"meta":{}},{"ancestorTitles":["useVertexSize","density scaling"],"fullName":"useVertexSize density scaling should produce consistent scaling for typical objects","status":"passed","title":"should produce consistent scaling for typical objects","duration":2.1608750000000327,"failureMessages":[],"meta":{}},{"ancestorTitles":["useVertexSize","edge cases"],"fullName":"useVertexSize edge cases should handle zero vertex count","status":"passed","title":"should handle zero vertex count","duration":0.50912500000004,"failureMessages":[],"meta":{}},{"ancestorTitles":["useVertexSize","edge cases"],"fullName":"useVertexSize edge cases should handle single vertex","status":"passed","title":"should handle single vertex","duration":0.36820799999986775,"failureMessages":[],"meta":{}},{"ancestorTitles":["useVertexSize","edge cases"],"fullName":"useVertexSize edge cases should handle very large vertex counts","status":"passed","title":"should handle very large vertex counts","duration":0.4005000000001928,"failureMessages":[],"meta":{}},{"ancestorTitles":["useVertexSize","edge cases"],"fullName":"useVertexSize edge cases should handle minimum store vertex size","status":"passed","title":"should handle minimum store vertex size","duration":0.4800000000000182,"failureMessages":[],"meta":{}},{"ancestorTitles":["useVertexSize","edge cases"],"fullName":"useVertexSize edge cases should handle maximum store vertex size","status":"passed","title":"should handle maximum store vertex size","duration":0.352292000000034,"failureMessages":[],"meta":{}},{"ancestorTitles":["useVertexSize","visual consistency"],"fullName":"useVertexSize visual consistency should produce same base size as PointCloudRenderer default when using default settings","status":"passed","title":"should produce same base size as PointCloudRenderer default when using default settings","duration":0.31595800000013696,"failureMessages":[],"meta":{}},{"ancestorTitles":["useVertexSize","visual consistency"],"fullName":"useVertexSize visual consistency should produce same base size as PolytopeRenderer default","status":"passed","title":"should produce same base size as PolytopeRenderer default","duration":0.3237500000000182,"failureMessages":[],"meta":{}}],"startTime":1765540577732,"endTime":1765540577761.3523,"status":"passed","message":"","name":"/Users/Spare/Documents/code/mdimension/src/tests/hooks/useVertexSize.test.ts"},{"assertionResults":[{"ancestorTitles":["App Integration","Application Rendering"],"fullName":"App Integration Application Rendering should render the complete application","status":"passed","title":"should render the complete application","duration":240.61862500000007,"failureMessages":[],"meta":{}},{"ancestorTitles":["App Integration","Application Rendering"],"fullName":"App Integration Application Rendering should render all control sections","status":"passed","title":"should render all control sections","duration":393.1032500000001,"failureMessages":[],"meta":{}},{"ancestorTitles":["App Integration","Application Rendering"],"fullName":"App Integration Application Rendering should render canvas element","status":"passed","title":"should render canvas element","duration":83.15129199999956,"failureMessages":[],"meta":{}},{"ancestorTitles":["App Integration","Dimension Selection"],"fullName":"App Integration Dimension Selection should start with default dimension 4","status":"passed","title":"should start with default dimension 4","duration":36.808583,"failureMessages":[],"meta":{}},{"ancestorTitles":["App Integration","Dimension Selection"],"fullName":"App Integration Dimension Selection should change dimension when selector is clicked","status":"passed","title":"should change dimension when selector is clicked","duration":59.70470800000021,"failureMessages":[],"meta":{}},{"ancestorTitles":["App Integration","Dimension Selection"],"fullName":"App Integration Dimension Selection should update rotation planes when dimension changes","status":"passed","title":"should update rotation planes when dimension changes","duration":65.04420899999968,"failureMessages":[],"meta":{}},{"ancestorTitles":["App Integration","Object Type Selection"],"fullName":"App Integration Object Type Selection should start with hypercube","status":"passed","title":"should start with hypercube","duration":81.67350000000079,"failureMessages":[],"meta":{}},{"ancestorTitles":["App Integration","Object Type Selection"],"fullName":"App Integration Object Type Selection should change object type","status":"passed","title":"should change object type","duration":67.32625000000007,"failureMessages":[],"meta":{}},{"ancestorTitles":["App Integration","Animation Controls"],"fullName":"App Integration Animation Controls should start with animation playing","status":"passed","title":"should start with animation playing","duration":34.004249999999956,"failureMessages":[],"meta":{}},{"ancestorTitles":["App Integration","Animation Controls"],"fullName":"App Integration Animation Controls should toggle animation on button click","status":"passed","title":"should toggle animation on button click","duration":38.3524580000003,"failureMessages":[],"meta":{}},{"ancestorTitles":["App Integration","Animation Controls"],"fullName":"App Integration Animation Controls should change speed","status":"passed","title":"should change speed","duration":62.43641699999989,"failureMessages":[],"meta":{}},{"ancestorTitles":["App Integration","Store State Synchronization"],"fullName":"App Integration Store State Synchronization should sync rotation dimension with geometry dimension","status":"passed","title":"should sync rotation dimension with geometry dimension","duration":85.0170420000004,"failureMessages":[],"meta":{}},{"ancestorTitles":["App Integration","Store State Synchronization"],"fullName":"App Integration Store State Synchronization should sync transform dimension with geometry dimension","status":"passed","title":"should sync transform dimension with geometry dimension","duration":148.00225000000046,"failureMessages":[],"meta":{}},{"ancestorTitles":["App Integration","Visual Customization"],"fullName":"App Integration Visual Customization should have default visual settings","status":"passed","title":"should have default visual settings","duration":37.981542000000445,"failureMessages":[],"meta":{}},{"ancestorTitles":["App Integration","Cross Section"],"fullName":"App Integration Cross Section should start with cross section disabled","status":"passed","title":"should start with cross section disabled","duration":49.27379100000053,"failureMessages":[],"meta":{}},{"ancestorTitles":["App Integration","Projection Settings"],"fullName":"App Integration Projection Settings should have default projection settings","status":"passed","title":"should have default projection settings","duration":42.698082999999315,"failureMessages":[],"meta":{}}],"startTime":1765540579845,"endTime":1765540581370.698,"status":"passed","message":"","name":"/Users/Spare/Documents/code/mdimension/src/tests/integration/app-flow.test.tsx"},{"assertionResults":[{"ancestorTitles":["Render Pipeline Integration","Full Transform Pipeline"],"fullName":"Render Pipeline Integration Full Transform Pipeline should generate and transform a 4D hypercube","status":"passed","title":"should generate and transform a 4D hypercube","duration":1.1215830000001006,"failureMessages":[],"meta":{}},{"ancestorTitles":["Render Pipeline Integration","Full Transform Pipeline"],"fullName":"Render Pipeline Integration Full Transform Pipeline should generate and transform a 5D simplex","status":"passed","title":"should generate and transform a 5D simplex","duration":0.38691600000038306,"failureMessages":[],"meta":{}},{"ancestorTitles":["Render Pipeline Integration","Full Transform Pipeline"],"fullName":"Render Pipeline Integration Full Transform Pipeline should generate and transform a 6D cross-polytope","status":"passed","title":"should generate and transform a 6D cross-polytope","duration":0.43408299999964584,"failureMessages":[],"meta":{}},{"ancestorTitles":["Render Pipeline Integration","Identity Transform"],"fullName":"Render Pipeline Integration Identity Transform should preserve 3D geometry without rotation","status":"passed","title":"should preserve 3D geometry without rotation","duration":0.23633299999983137,"failureMessages":[],"meta":{}},{"ancestorTitles":["Render Pipeline Integration","Edge Preservation"],"fullName":"Render Pipeline Integration Edge Preservation should maintain edge connectivity through transforms","status":"passed","title":"should maintain edge connectivity through transforms","duration":0.5098339999999553,"failureMessages":[],"meta":{}},{"ancestorTitles":["Render Pipeline Integration","Projection Distance Effects"],"fullName":"Render Pipeline Integration Projection Distance Effects should affect perspective based on distance","status":"passed","title":"should affect perspective based on distance","duration":0.39395799999965675,"failureMessages":[],"meta":{}},{"ancestorTitles":["Render Pipeline Integration","All Object Types"],"fullName":"Render Pipeline Integration All Object Types should render hypercube in 3D","status":"passed","title":"should render hypercube in 3D","duration":0.28470800000013696,"failureMessages":[],"meta":{}},{"ancestorTitles":["Render Pipeline Integration","All Object Types"],"fullName":"Render Pipeline Integration All Object Types should render hypercube in 4D","status":"passed","title":"should render hypercube in 4D","duration":0.388915999999881,"failureMessages":[],"meta":{}},{"ancestorTitles":["Render Pipeline Integration","All Object Types"],"fullName":"Render Pipeline Integration All Object Types should render hypercube in 5D","status":"passed","title":"should render hypercube in 5D","duration":0.7237499999996544,"failureMessages":[],"meta":{}},{"ancestorTitles":["Render Pipeline Integration","All Object Types"],"fullName":"Render Pipeline Integration All Object Types should render hypercube in 6D","status":"passed","title":"should render hypercube in 6D","duration":1.2354169999998703,"failureMessages":[],"meta":{}},{"ancestorTitles":["Render Pipeline Integration","All Object Types"],"fullName":"Render Pipeline Integration All Object Types should render simplex in 3D","status":"passed","title":"should render simplex in 3D","duration":0.18220900000005713,"failureMessages":[],"meta":{}},{"ancestorTitles":["Render Pipeline Integration","All Object Types"],"fullName":"Render Pipeline Integration All Object Types should render simplex in 4D","status":"passed","title":"should render simplex in 4D","duration":0.13083300000016607,"failureMessages":[],"meta":{}},{"ancestorTitles":["Render Pipeline Integration","All Object Types"],"fullName":"Render Pipeline Integration All Object Types should render simplex in 5D","status":"passed","title":"should render simplex in 5D","duration":0.1744579999999587,"failureMessages":[],"meta":{}},{"ancestorTitles":["Render Pipeline Integration","All Object Types"],"fullName":"Render Pipeline Integration All Object Types should render simplex in 6D","status":"passed","title":"should render simplex in 6D","duration":0.18683300000020608,"failureMessages":[],"meta":{}},{"ancestorTitles":["Render Pipeline Integration","All Object Types"],"fullName":"Render Pipeline Integration All Object Types should render cross-polytope in 3D","status":"passed","title":"should render cross-polytope in 3D","duration":0.20379200000024866,"failureMessages":[],"meta":{}},{"ancestorTitles":["Render Pipeline Integration","All Object Types"],"fullName":"Render Pipeline Integration All Object Types should render cross-polytope in 4D","status":"passed","title":"should render cross-polytope in 4D","duration":0.1853329999999005,"failureMessages":[],"meta":{}},{"ancestorTitles":["Render Pipeline Integration","All Object Types"],"fullName":"Render Pipeline Integration All Object Types should render cross-polytope in 5D","status":"passed","title":"should render cross-polytope in 5D","duration":0.21487500000012005,"failureMessages":[],"meta":{}},{"ancestorTitles":["Render Pipeline Integration","All Object Types"],"fullName":"Render Pipeline Integration All Object Types should render cross-polytope in 6D","status":"passed","title":"should render cross-polytope in 6D","duration":0.25133399999958783,"failureMessages":[],"meta":{}}],"startTime":1765540577133,"endTime":1765540577140.2512,"status":"passed","message":"","name":"/Users/Spare/Documents/code/mdimension/src/tests/integration/render-pipeline.test.ts"},{"assertionResults":[{"ancestorTitles":["State Management Integration","Geometry Store"],"fullName":"State Management Integration Geometry Store should maintain dimension bounds","status":"passed","title":"should maintain dimension bounds","duration":1.1183750000000146,"failureMessages":[],"meta":{}},{"ancestorTitles":["State Management Integration","Geometry Store"],"fullName":"State Management Integration Geometry Store should switch between object types","status":"passed","title":"should switch between object types","duration":0.21954199999981938,"failureMessages":[],"meta":{}},{"ancestorTitles":["State Management Integration","Rotation Store"],"fullName":"State Management Integration Rotation Store should handle dimension changes","status":"passed","title":"should handle dimension changes","duration":0.31695799999988594,"failureMessages":[],"meta":{}},{"ancestorTitles":["State Management Integration","Rotation Store"],"fullName":"State Management Integration Rotation Store should compose rotations correctly","status":"passed","title":"should compose rotations correctly","duration":0.3866670000002159,"failureMessages":[],"meta":{}},{"ancestorTitles":["State Management Integration","Rotation Store"],"fullName":"State Management Integration Rotation Store should reset all rotations","status":"passed","title":"should reset all rotations","duration":0.2427079999997659,"failureMessages":[],"meta":{}},{"ancestorTitles":["State Management Integration","Transform Store"],"fullName":"State Management Integration Transform Store should handle scale transformations","status":"passed","title":"should handle scale transformations","duration":0.3115419999999176,"failureMessages":[],"meta":{}},{"ancestorTitles":["State Management Integration","Transform Store"],"fullName":"State Management Integration Transform Store should handle shear transformations","status":"passed","title":"should handle shear transformations","duration":0.2772909999998774,"failureMessages":[],"meta":{}},{"ancestorTitles":["State Management Integration","Transform Store"],"fullName":"State Management Integration Transform Store should handle translation","status":"passed","title":"should handle translation","duration":0.18866699999989578,"failureMessages":[],"meta":{}},{"ancestorTitles":["State Management Integration","Transform Store"],"fullName":"State Management Integration Transform Store should reset all transformations","status":"passed","title":"should reset all transformations","duration":0.255500000000211,"failureMessages":[],"meta":{}},{"ancestorTitles":["State Management Integration","Animation Store"],"fullName":"State Management Integration Animation Store should toggle play state","status":"passed","title":"should toggle play state","duration":0.1261250000002292,"failureMessages":[],"meta":{}},{"ancestorTitles":["State Management Integration","Animation Store"],"fullName":"State Management Integration Animation Store should clamp speed within bounds","status":"passed","title":"should clamp speed within bounds","duration":0.10970800000040981,"failureMessages":[],"meta":{}},{"ancestorTitles":["State Management Integration","Animation Store"],"fullName":"State Management Integration Animation Store should toggle direction","status":"passed","title":"should toggle direction","duration":0.10420899999962785,"failureMessages":[],"meta":{}},{"ancestorTitles":["State Management Integration","Animation Store"],"fullName":"State Management Integration Animation Store should manage animating planes","status":"passed","title":"should manage animating planes","duration":0.13666700000021592,"failureMessages":[],"meta":{}},{"ancestorTitles":["State Management Integration","Projection Store"],"fullName":"State Management Integration Projection Store should update projection distance","status":"passed","title":"should update projection distance","duration":0.08854199999996126,"failureMessages":[],"meta":{}},{"ancestorTitles":["State Management Integration","Projection Store"],"fullName":"State Management Integration Projection Store should reset to defaults","status":"passed","title":"should reset to defaults","duration":0.09200000000009823,"failureMessages":[],"meta":{}},{"ancestorTitles":["State Management Integration","Cross Section Store"],"fullName":"State Management Integration Cross Section Store should toggle cross section","status":"passed","title":"should toggle cross section","duration":0.12308300000040617,"failureMessages":[],"meta":{}},{"ancestorTitles":["State Management Integration","Cross Section Store"],"fullName":"State Management Integration Cross Section Store should update slice position","status":"passed","title":"should update slice position","duration":0.09929199999987759,"failureMessages":[],"meta":{}},{"ancestorTitles":["State Management Integration","Visual Store"],"fullName":"State Management Integration Visual Store should update colors","status":"passed","title":"should update colors","duration":0.12712500000043292,"failureMessages":[],"meta":{}},{"ancestorTitles":["State Management Integration","Visual Store"],"fullName":"State Management Integration Visual Store should update thickness","status":"passed","title":"should update thickness","duration":0.12287500000002183,"failureMessages":[],"meta":{}},{"ancestorTitles":["State Management Integration","Visual Store"],"fullName":"State Management Integration Visual Store should apply presets","status":"passed","title":"should apply presets","duration":0.10795899999993708,"failureMessages":[],"meta":{}},{"ancestorTitles":["State Management Integration","Cross-Store Interactions"],"fullName":"State Management Integration Cross-Store Interactions should maintain consistent state across multiple operations","status":"passed","title":"should maintain consistent state across multiple operations","duration":0.22712499999988722,"failureMessages":[],"meta":{}}],"startTime":1765540576651,"endTime":1765540576657.227,"status":"passed","message":"","name":"/Users/Spare/Documents/code/mdimension/src/tests/integration/state-management.test.ts"},{"assertionResults":[{"ancestorTitles":["animationStore","Initial State"],"fullName":"animationStore Initial State should be playing by default","status":"passed","title":"should be playing by default","duration":1.2614159999998265,"failureMessages":[],"meta":{}},{"ancestorTitles":["animationStore","Initial State"],"fullName":"animationStore Initial State should have default speed of 1.0","status":"passed","title":"should have default speed of 1.0","duration":0.29262500000004366,"failureMessages":[],"meta":{}},{"ancestorTitles":["animationStore","Initial State"],"fullName":"animationStore Initial State should have direction of 1 (clockwise)","status":"passed","title":"should have direction of 1 (clockwise)","duration":0.3257499999999709,"failureMessages":[],"meta":{}},{"ancestorTitles":["animationStore","Initial State"],"fullName":"animationStore Initial State should have default animating planes","status":"passed","title":"should have default animating planes","duration":0.40499999999974534,"failureMessages":[],"meta":{}},{"ancestorTitles":["animationStore","Initial State"],"fullName":"animationStore Initial State should have isoclinic mode disabled","status":"passed","title":"should have isoclinic mode disabled","duration":0.14729200000010678,"failureMessages":[],"meta":{}},{"ancestorTitles":["animationStore","play/pause/toggle"],"fullName":"animationStore play/pause/toggle should set isPlaying to true on play","status":"passed","title":"should set isPlaying to true on play","duration":0.41229199999997945,"failureMessages":[],"meta":{}},{"ancestorTitles":["animationStore","play/pause/toggle"],"fullName":"animationStore play/pause/toggle should set isPlaying to false on pause","status":"passed","title":"should set isPlaying to false on pause","duration":0.13699999999971624,"failureMessages":[],"meta":{}},{"ancestorTitles":["animationStore","play/pause/toggle"],"fullName":"animationStore play/pause/toggle should toggle isPlaying","status":"passed","title":"should toggle isPlaying","duration":0.10266700000011042,"failureMessages":[],"meta":{}},{"ancestorTitles":["animationStore","setSpeed"],"fullName":"animationStore setSpeed should set speed to valid value","status":"passed","title":"should set speed to valid value","duration":0.21295899999995527,"failureMessages":[],"meta":{}},{"ancestorTitles":["animationStore","setSpeed"],"fullName":"animationStore setSpeed should clamp speed below minimum","status":"passed","title":"should clamp speed below minimum","duration":0.08449999999993452,"failureMessages":[],"meta":{}},{"ancestorTitles":["animationStore","setSpeed"],"fullName":"animationStore setSpeed should clamp speed above maximum","status":"passed","title":"should clamp speed above maximum","duration":0.06454199999961929,"failureMessages":[],"meta":{}},{"ancestorTitles":["animationStore","toggleDirection"],"fullName":"animationStore toggleDirection should toggle direction from 1 to -1","status":"passed","title":"should toggle direction from 1 to -1","duration":0.07420899999988251,"failureMessages":[],"meta":{}},{"ancestorTitles":["animationStore","toggleDirection"],"fullName":"animationStore toggleDirection should toggle direction from -1 to 1","status":"passed","title":"should toggle direction from -1 to 1","duration":0.06387500000028012,"failureMessages":[],"meta":{}},{"ancestorTitles":["animationStore","togglePlane"],"fullName":"animationStore togglePlane should add plane to animating set","status":"passed","title":"should add plane to animating set","duration":0.08691599999974642,"failureMessages":[],"meta":{}},{"ancestorTitles":["animationStore","togglePlane"],"fullName":"animationStore togglePlane should remove plane from animating set","status":"passed","title":"should remove plane from animating set","duration":0.06462499999997817,"failureMessages":[],"meta":{}},{"ancestorTitles":["animationStore","setPlaneAnimating"],"fullName":"animationStore setPlaneAnimating should add plane when animating is true","status":"passed","title":"should add plane when animating is true","duration":0.07225000000016735,"failureMessages":[],"meta":{}},{"ancestorTitles":["animationStore","setPlaneAnimating"],"fullName":"animationStore setPlaneAnimating should remove plane when animating is false","status":"passed","title":"should remove plane when animating is false","duration":0.06500000000005457,"failureMessages":[],"meta":{}},{"ancestorTitles":["animationStore","animateAll"],"fullName":"animationStore animateAll should add all planes for given dimension","status":"passed","title":"should add all planes for given dimension","duration":0.18791700000019773,"failureMessages":[],"meta":{}},{"ancestorTitles":["animationStore","animateAll"],"fullName":"animationStore animateAll should start playing","status":"passed","title":"should start playing","duration":0.06195899999966059,"failureMessages":[],"meta":{}},{"ancestorTitles":["animationStore","animateAll"],"fullName":"animationStore animateAll should handle 3D correctly","status":"passed","title":"should handle 3D correctly","duration":0.0965000000001055,"failureMessages":[],"meta":{}},{"ancestorTitles":["animationStore","stopAll"],"fullName":"animationStore stopAll should clear all animating planes","status":"passed","title":"should clear all animating planes","duration":0.06579099999999016,"failureMessages":[],"meta":{}},{"ancestorTitles":["animationStore","stopAll"],"fullName":"animationStore stopAll should stop playing","status":"passed","title":"should stop playing","duration":0.06125000000020009,"failureMessages":[],"meta":{}},{"ancestorTitles":["animationStore","setIsoclinicMode"],"fullName":"animationStore setIsoclinicMode should enable isoclinic mode and add XY and ZW","status":"passed","title":"should enable isoclinic mode and add XY and ZW","duration":0.08779099999992468,"failureMessages":[],"meta":{}},{"ancestorTitles":["animationStore","setIsoclinicMode"],"fullName":"animationStore setIsoclinicMode should disable isoclinic mode","status":"passed","title":"should disable isoclinic mode","duration":0.06908299999986411,"failureMessages":[],"meta":{}},{"ancestorTitles":["animationStore","getRotationDelta"],"fullName":"animationStore getRotationDelta should calculate correct delta at default speed","status":"passed","title":"should calculate correct delta at default speed","duration":0.11645799999996598,"failureMessages":[],"meta":{}},{"ancestorTitles":["animationStore","getRotationDelta"],"fullName":"animationStore getRotationDelta should scale delta with speed","status":"passed","title":"should scale delta with speed","duration":0.06666600000016842,"failureMessages":[],"meta":{}},{"ancestorTitles":["animationStore","getRotationDelta"],"fullName":"animationStore getRotationDelta should reverse delta with direction","status":"passed","title":"should reverse delta with direction","duration":0.062374999999974534,"failureMessages":[],"meta":{}},{"ancestorTitles":["animationStore","reset"],"fullName":"animationStore reset should reset all state to defaults","status":"passed","title":"should reset all state to defaults","duration":0.12820899999996982,"failureMessages":[],"meta":{}},{"ancestorTitles":["animationStore","setDimension"],"fullName":"animationStore setDimension should filter out invalid planes when dimension decreases","status":"passed","title":"should filter out invalid planes when dimension decreases","duration":0.22533299999986411,"failureMessages":[],"meta":{}},{"ancestorTitles":["animationStore","setDimension"],"fullName":"animationStore setDimension should keep valid planes when dimension decreases","status":"passed","title":"should keep valid planes when dimension decreases","duration":0.09549999999990177,"failureMessages":[],"meta":{}},{"ancestorTitles":["animationStore","setDimension"],"fullName":"animationStore setDimension should remove 4D planes when switching to 3D","status":"passed","title":"should remove 4D planes when switching to 3D","duration":0.10816699999986668,"failureMessages":[],"meta":{}},{"ancestorTitles":["animationStore","setDimension"],"fullName":"animationStore setDimension should handle switching from 11D to 4D","status":"passed","title":"should handle switching from 11D to 4D","duration":0.08787500000016735,"failureMessages":[],"meta":{}},{"ancestorTitles":["animationStore","setDimension"],"fullName":"animationStore setDimension should not affect isPlaying state","status":"passed","title":"should not affect isPlaying state","duration":0.07845799999995506,"failureMessages":[],"meta":{}}],"startTime":1765540576598,"endTime":1765540576605.1082,"status":"passed","message":"","name":"/Users/Spare/Documents/code/mdimension/src/tests/stores/animationStore.test.ts"},{"assertionResults":[{"ancestorTitles":["crossSectionStore","Initial State"],"fullName":"crossSectionStore Initial State should be disabled by default","status":"passed","title":"should be disabled by default","duration":1.2323749999995925,"failureMessages":[],"meta":{}},{"ancestorTitles":["crossSectionStore","Initial State"],"fullName":"crossSectionStore Initial State should have default slice at W=0","status":"passed","title":"should have default slice at W=0","duration":0.3002920000008089,"failureMessages":[],"meta":{}},{"ancestorTitles":["crossSectionStore","Initial State"],"fullName":"crossSectionStore Initial State should show original by default","status":"passed","title":"should show original by default","duration":0.18079200000011042,"failureMessages":[],"meta":{}},{"ancestorTitles":["crossSectionStore","Initial State"],"fullName":"crossSectionStore Initial State should have default opacity of 0.3","status":"passed","title":"should have default opacity of 0.3","duration":0.2647500000002765,"failureMessages":[],"meta":{}},{"ancestorTitles":["crossSectionStore","Initial State"],"fullName":"crossSectionStore Initial State should not animate slice by default","status":"passed","title":"should not animate slice by default","duration":0.23841600000014296,"failureMessages":[],"meta":{}},{"ancestorTitles":["crossSectionStore","setEnabled / toggle"],"fullName":"crossSectionStore setEnabled / toggle should enable cross-section","status":"passed","title":"should enable cross-section","duration":0.2354589999995369,"failureMessages":[],"meta":{}},{"ancestorTitles":["crossSectionStore","setEnabled / toggle"],"fullName":"crossSectionStore setEnabled / toggle should toggle cross-section","status":"passed","title":"should toggle cross-section","duration":0.18579200000021956,"failureMessages":[],"meta":{}},{"ancestorTitles":["crossSectionStore","setSliceW"],"fullName":"crossSectionStore setSliceW should set slice position","status":"passed","title":"should set slice position","duration":0.4123749999998836,"failureMessages":[],"meta":{}},{"ancestorTitles":["crossSectionStore","setSliceW"],"fullName":"crossSectionStore setSliceW should clamp slice below minimum","status":"passed","title":"should clamp slice below minimum","duration":0.3930419999996957,"failureMessages":[],"meta":{}},{"ancestorTitles":["crossSectionStore","setSliceW"],"fullName":"crossSectionStore setSliceW should clamp slice above maximum","status":"passed","title":"should clamp slice above maximum","duration":0.24037499999940337,"failureMessages":[],"meta":{}},{"ancestorTitles":["crossSectionStore","setSliceW"],"fullName":"crossSectionStore setSliceW should handle negative values","status":"passed","title":"should handle negative values","duration":0.13137499999993452,"failureMessages":[],"meta":{}},{"ancestorTitles":["crossSectionStore","setShowOriginal"],"fullName":"crossSectionStore setShowOriginal should toggle show original","status":"passed","title":"should toggle show original","duration":0.084208000000217,"failureMessages":[],"meta":{}},{"ancestorTitles":["crossSectionStore","setOriginalOpacity"],"fullName":"crossSectionStore setOriginalOpacity should set opacity","status":"passed","title":"should set opacity","duration":0.06954099999984464,"failureMessages":[],"meta":{}},{"ancestorTitles":["crossSectionStore","setOriginalOpacity"],"fullName":"crossSectionStore setOriginalOpacity should clamp opacity to [0, 1]","status":"passed","title":"should clamp opacity to [0, 1]","duration":0.06908300000031886,"failureMessages":[],"meta":{}},{"ancestorTitles":["crossSectionStore","setAnimateSlice"],"fullName":"crossSectionStore setAnimateSlice should enable slice animation","status":"passed","title":"should enable slice animation","duration":0.05833299999994779,"failureMessages":[],"meta":{}},{"ancestorTitles":["crossSectionStore","reset"],"fullName":"crossSectionStore reset should reset all state to defaults","status":"passed","title":"should reset all state to defaults","duration":0.1152090000005046,"failureMessages":[],"meta":{}}],"startTime":1765540580086,"endTime":1765540580092.1152,"status":"passed","message":"","name":"/Users/Spare/Documents/code/mdimension/src/tests/stores/crossSectionStore.test.ts"},{"assertionResults":[{"ancestorTitles":["extendedObjectStore","initial state"],"fullName":"extendedObjectStore initial state should have default hypersphere config","status":"passed","title":"should have default hypersphere config","duration":0.6849999999999454,"failureMessages":[],"meta":{}},{"ancestorTitles":["extendedObjectStore","initial state"],"fullName":"extendedObjectStore initial state should have default root system config","status":"passed","title":"should have default root system config","duration":0.10816599999998289,"failureMessages":[],"meta":{}},{"ancestorTitles":["extendedObjectStore","initial state"],"fullName":"extendedObjectStore initial state should have default clifford torus config","status":"passed","title":"should have default clifford torus config","duration":0.15754199999992125,"failureMessages":[],"meta":{}},{"ancestorTitles":["extendedObjectStore","initial state"],"fullName":"extendedObjectStore initial state should have default mandelbrot config","status":"passed","title":"should have default mandelbrot config","duration":0.09233300000005329,"failureMessages":[],"meta":{}},{"ancestorTitles":["extendedObjectStore","hypersphere actions"],"fullName":"extendedObjectStore hypersphere actions should set mode","status":"passed","title":"should set mode","duration":0.14587500000016007,"failureMessages":[],"meta":{}},{"ancestorTitles":["extendedObjectStore","hypersphere actions"],"fullName":"extendedObjectStore hypersphere actions should set sample count with clamping","status":"passed","title":"should set sample count with clamping","duration":0.14037499999994907,"failureMessages":[],"meta":{}},{"ancestorTitles":["extendedObjectStore","hypersphere actions"],"fullName":"extendedObjectStore hypersphere actions should floor sample count to integer","status":"passed","title":"should floor sample count to integer","duration":0.07008399999995163,"failureMessages":[],"meta":{}},{"ancestorTitles":["extendedObjectStore","hypersphere actions"],"fullName":"extendedObjectStore hypersphere actions should set radius with clamping","status":"passed","title":"should set radius with clamping","duration":0.2638750000000982,"failureMessages":[],"meta":{}},{"ancestorTitles":["extendedObjectStore","hypersphere actions"],"fullName":"extendedObjectStore hypersphere actions should set wireframe enabled","status":"passed","title":"should set wireframe enabled","duration":0.21887500000002547,"failureMessages":[],"meta":{}},{"ancestorTitles":["extendedObjectStore","hypersphere actions"],"fullName":"extendedObjectStore hypersphere actions should set neighbor count with clamping","status":"passed","title":"should set neighbor count with clamping","duration":0.12812499999995453,"failureMessages":[],"meta":{}},{"ancestorTitles":["extendedObjectStore","root system actions"],"fullName":"extendedObjectStore root system actions should set root type","status":"passed","title":"should set root type","duration":0.10283400000002985,"failureMessages":[],"meta":{}},{"ancestorTitles":["extendedObjectStore","root system actions"],"fullName":"extendedObjectStore root system actions should set scale with clamping","status":"passed","title":"should set scale with clamping","duration":0.21108400000002803,"failureMessages":[],"meta":{}},{"ancestorTitles":["extendedObjectStore","clifford torus actions"],"fullName":"extendedObjectStore clifford torus actions should set mode","status":"passed","title":"should set mode","duration":0.10074999999983447,"failureMessages":[],"meta":{}},{"ancestorTitles":["extendedObjectStore","clifford torus actions"],"fullName":"extendedObjectStore clifford torus actions should set radius with clamping","status":"passed","title":"should set radius with clamping","duration":0.10791599999993196,"failureMessages":[],"meta":{}},{"ancestorTitles":["extendedObjectStore","clifford torus actions"],"fullName":"extendedObjectStore clifford torus actions should set resolution U with clamping","status":"passed","title":"should set resolution U with clamping","duration":0.10037499999998545,"failureMessages":[],"meta":{}},{"ancestorTitles":["extendedObjectStore","clifford torus actions"],"fullName":"extendedObjectStore clifford torus actions should set resolution V with clamping","status":"passed","title":"should set resolution V with clamping","duration":0.09816700000010314,"failureMessages":[],"meta":{}},{"ancestorTitles":["extendedObjectStore","clifford torus actions"],"fullName":"extendedObjectStore clifford torus actions should set edge mode","status":"passed","title":"should set edge mode","duration":0.08791700000006131,"failureMessages":[],"meta":{}},{"ancestorTitles":["extendedObjectStore","clifford torus actions"],"fullName":"extendedObjectStore clifford torus actions should set k (torus dimension) with minimum clamping","status":"passed","title":"should set k (torus dimension) with minimum clamping","duration":0.10970799999995506,"failureMessages":[],"meta":{}},{"ancestorTitles":["extendedObjectStore","clifford torus actions"],"fullName":"extendedObjectStore clifford torus actions should floor k to integer","status":"passed","title":"should floor k to integer","duration":0.05558300000006966,"failureMessages":[],"meta":{}},{"ancestorTitles":["extendedObjectStore","clifford torus actions"],"fullName":"extendedObjectStore clifford torus actions should set stepsPerCircle with clamping","status":"passed","title":"should set stepsPerCircle with clamping","duration":0.10395899999980429,"failureMessages":[],"meta":{}},{"ancestorTitles":["extendedObjectStore","clifford torus actions"],"fullName":"extendedObjectStore clifford torus actions should floor stepsPerCircle to integer","status":"passed","title":"should floor stepsPerCircle to integer","duration":0.056916999999884865,"failureMessages":[],"meta":{}},{"ancestorTitles":["extendedObjectStore","mandelbrot actions"],"fullName":"extendedObjectStore mandelbrot actions should set max iterations with clamping","status":"passed","title":"should set max iterations with clamping","duration":0.10350000000016735,"failureMessages":[],"meta":{}},{"ancestorTitles":["extendedObjectStore","mandelbrot actions"],"fullName":"extendedObjectStore mandelbrot actions should floor max iterations to integer","status":"passed","title":"should floor max iterations to integer","duration":0.05354200000010678,"failureMessages":[],"meta":{}},{"ancestorTitles":["extendedObjectStore","mandelbrot actions"],"fullName":"extendedObjectStore mandelbrot actions should set escape radius with clamping","status":"passed","title":"should set escape radius with clamping","duration":0.09575000000018008,"failureMessages":[],"meta":{}},{"ancestorTitles":["extendedObjectStore","mandelbrot actions"],"fullName":"extendedObjectStore mandelbrot actions should set quality preset and update related settings","status":"passed","title":"should set quality preset and update related settings","duration":0.1435830000000351,"failureMessages":[],"meta":{}},{"ancestorTitles":["extendedObjectStore","mandelbrot actions"],"fullName":"extendedObjectStore mandelbrot actions should set resolution to closest valid value","status":"passed","title":"should set resolution to closest valid value","duration":0.12320799999997689,"failureMessages":[],"meta":{}},{"ancestorTitles":["extendedObjectStore","mandelbrot actions"],"fullName":"extendedObjectStore mandelbrot actions should set visualization axes","status":"passed","title":"should set visualization axes","duration":0.11512500000003456,"failureMessages":[],"meta":{}},{"ancestorTitles":["extendedObjectStore","mandelbrot actions"],"fullName":"extendedObjectStore mandelbrot actions should set individual visualization axis","status":"passed","title":"should set individual visualization axis","duration":0.10604200000011588,"failureMessages":[],"meta":{}},{"ancestorTitles":["extendedObjectStore","mandelbrot actions"],"fullName":"extendedObjectStore mandelbrot actions should set parameter value with clamping","status":"passed","title":"should set parameter value with clamping","duration":0.1383330000001024,"failureMessages":[],"meta":{}},{"ancestorTitles":["extendedObjectStore","mandelbrot actions"],"fullName":"extendedObjectStore mandelbrot actions should set parameter values with clamping","status":"passed","title":"should set parameter values with clamping","duration":0.16466700000000856,"failureMessages":[],"meta":{}},{"ancestorTitles":["extendedObjectStore","mandelbrot actions"],"fullName":"extendedObjectStore mandelbrot actions should reset parameters to zeros","status":"passed","title":"should reset parameters to zeros","duration":0.10241700000005949,"failureMessages":[],"meta":{}},{"ancestorTitles":["extendedObjectStore","mandelbrot actions"],"fullName":"extendedObjectStore mandelbrot actions should set center coordinates","status":"passed","title":"should set center coordinates","duration":0.07758300000000418,"failureMessages":[],"meta":{}},{"ancestorTitles":["extendedObjectStore","mandelbrot actions"],"fullName":"extendedObjectStore mandelbrot actions should set extent (zoom) with clamping","status":"passed","title":"should set extent (zoom) with clamping","duration":0.10133300000006784,"failureMessages":[],"meta":{}},{"ancestorTitles":["extendedObjectStore","mandelbrot actions"],"fullName":"extendedObjectStore mandelbrot actions should fit to view (reset center and extent)","status":"passed","title":"should fit to view (reset center and extent)","duration":0.09479099999998652,"failureMessages":[],"meta":{}},{"ancestorTitles":["extendedObjectStore","mandelbrot actions"],"fullName":"extendedObjectStore mandelbrot actions should set color mode","status":"passed","title":"should set color mode","duration":0.08220800000003692,"failureMessages":[],"meta":{}},{"ancestorTitles":["extendedObjectStore","mandelbrot actions"],"fullName":"extendedObjectStore mandelbrot actions should set palette","status":"passed","title":"should set palette","duration":0.07762500000012551,"failureMessages":[],"meta":{}},{"ancestorTitles":["extendedObjectStore","mandelbrot actions"],"fullName":"extendedObjectStore mandelbrot actions should set custom palette","status":"passed","title":"should set custom palette","duration":0.08020900000019537,"failureMessages":[],"meta":{}},{"ancestorTitles":["extendedObjectStore","mandelbrot actions"],"fullName":"extendedObjectStore mandelbrot actions should set invert colors","status":"passed","title":"should set invert colors","duration":0.08033399999999347,"failureMessages":[],"meta":{}},{"ancestorTitles":["extendedObjectStore","mandelbrot actions"],"fullName":"extendedObjectStore mandelbrot actions should set interior color","status":"passed","title":"should set interior color","duration":0.0655420000000504,"failureMessages":[],"meta":{}},{"ancestorTitles":["extendedObjectStore","mandelbrot actions"],"fullName":"extendedObjectStore mandelbrot actions should set palette cycles with clamping","status":"passed","title":"should set palette cycles with clamping","duration":0.09904100000017024,"failureMessages":[],"meta":{}},{"ancestorTitles":["extendedObjectStore","mandelbrot actions"],"fullName":"extendedObjectStore mandelbrot actions should set render style","status":"passed","title":"should set render style","duration":0.07912499999997635,"failureMessages":[],"meta":{}},{"ancestorTitles":["extendedObjectStore","mandelbrot actions"],"fullName":"extendedObjectStore mandelbrot actions should set point size with clamping","status":"passed","title":"should set point size with clamping","duration":0.11883299999999508,"failureMessages":[],"meta":{}},{"ancestorTitles":["extendedObjectStore","mandelbrot actions"],"fullName":"extendedObjectStore mandelbrot actions should set isosurface threshold with clamping","status":"passed","title":"should set isosurface threshold with clamping","duration":0.10370800000009694,"failureMessages":[],"meta":{}},{"ancestorTitles":["extendedObjectStore","mandelbrot actions"],"fullName":"extendedObjectStore mandelbrot actions should initialize for dimension","status":"passed","title":"should initialize for dimension","duration":0.603458000000046,"failureMessages":[],"meta":{}},{"ancestorTitles":["extendedObjectStore","mandelbrot actions"],"fullName":"extendedObjectStore mandelbrot actions should get config as copy","status":"passed","title":"should get config as copy","duration":0.07495799999992414,"failureMessages":[],"meta":{}},{"ancestorTitles":["extendedObjectStore","reset"],"fullName":"extendedObjectStore reset should reset all configs to defaults","status":"passed","title":"should reset all configs to defaults","duration":0.5157920000001468,"failureMessages":[],"meta":{}}],"startTime":1765540575582,"endTime":1765540575589.5159,"status":"passed","message":"","name":"/Users/Spare/Documents/code/mdimension/src/tests/stores/extendedObjectStore.test.ts"},{"assertionResults":[{"ancestorTitles":["geometryStore","initial state"],"fullName":"geometryStore initial state should have default dimension of 4","
[...]
"title":"should handle 4D vectors","duration":0.09841700000015408,"failureMessages":[],"meta":{}},{"ancestorTitles":["mandelbrotStep","higher dimensional behavior"],"fullName":"mandelbrotStep higher dimensional behavior should produce higher dimensional coupling effects","status":"passed","title":"should produce higher dimensional coupling effects","duration":0.4645419999999376,"failureMessages":[],"meta":{}},{"ancestorTitles":["mandelbrotStep","vector length preservation"],"fullName":"mandelbrotStep vector length preservation should output same length as input","status":"passed","title":"should output same length as input","duration":0.2537920000002032,"failureMessages":[],"meta":{}},{"ancestorTitles":["mandelbrotEscapeTime","bounded points (inside set)"],"fullName":"mandelbrotEscapeTime bounded points (inside set) should return maxIter for origin (always bounded)","status":"passed","title":"should return maxIter for origin (always bounded)","duration":0.42058300000007875,"failureMessages":[],"meta":{}},{"ancestorTitles":["mandelbrotEscapeTime","bounded points (inside set)"],"fullName":"mandelbrotEscapeTime bounded points (inside set) should return maxIter for known interior point","status":"passed","title":"should return maxIter for known interior point","duration":0.10962500000005093,"failureMessages":[],"meta":{}},{"ancestorTitles":["mandelbrotEscapeTime","bounded points (inside set)"],"fullName":"mandelbrotEscapeTime bounded points (inside set) should return maxIter for c = [-1, 0, 0] (period-2 bulb)","status":"passed","title":"should return maxIter for c = [-1, 0, 0] (period-2 bulb)","duration":0.5107090000001335,"failureMessages":[],"meta":{}},{"ancestorTitles":["mandelbrotEscapeTime","escaped points (outside set)"],"fullName":"mandelbrotEscapeTime escaped points (outside set) should return low iteration count for points far from set","status":"passed","title":"should return low iteration count for points far from set","duration":0.11016600000016297,"failureMessages":[],"meta":{}},{"ancestorTitles":["mandelbrotEscapeTime","escaped points (outside set)"],"fullName":"mandelbrotEscapeTime escaped points (outside set) should escape quickly for c = [2, 0, 0]","status":"passed","title":"should escape quickly for c = [2, 0, 0]","duration":0.0653340000001208,"failureMessages":[],"meta":{}},{"ancestorTitles":["mandelbrotEscapeTime","escaped points (outside set)"],"fullName":"mandelbrotEscapeTime escaped points (outside set) should escape for c = [0.5, 0.5, 0]","status":"passed","title":"should escape for c = [0.5, 0.5, 0]","duration":0.05470800000011877,"failureMessages":[],"meta":{}},{"ancestorTitles":["mandelbrotEscapeTime","iteration limits"],"fullName":"mandelbrotEscapeTime iteration limits should respect maxIter parameter","status":"passed","title":"should respect maxIter parameter","duration":0.05533300000001873,"failureMessages":[],"meta":{}},{"ancestorTitles":["mandelbrotEscapeTime","iteration limits"],"fullName":"mandelbrotEscapeTime iteration limits should not exceed maxIter","status":"passed","title":"should not exceed maxIter","duration":0.07166600000005019,"failureMessages":[],"meta":{}},{"ancestorTitles":["mandelbrotEscapeTime","escape radius effects"],"fullName":"mandelbrotEscapeTime escape radius effects should escape earlier with smaller radius","status":"passed","title":"should escape earlier with smaller radius","duration":0.05604199999993398,"failureMessages":[],"meta":{}},{"ancestorTitles":["mandelbrotEscapeTime","higher dimensions"],"fullName":"mandelbrotEscapeTime higher dimensions should work for 4D","status":"passed","title":"should work for 4D","duration":0.08333300000003874,"failureMessages":[],"meta":{}},{"ancestorTitles":["mandelbrotEscapeTime","higher dimensions"],"fullName":"mandelbrotEscapeTime higher dimensions should work for 5D","status":"passed","title":"should work for 5D","duration":0.05995800000005147,"failureMessages":[],"meta":{}},{"ancestorTitles":["mandelbrotEscapeTime","higher dimensions"],"fullName":"mandelbrotEscapeTime higher dimensions should work for 7D","status":"passed","title":"should work for 7D","duration":0.1060419999998885,"failureMessages":[],"meta":{}},{"ancestorTitles":["mandelbrotEscapeTime","higher dimensions"],"fullName":"mandelbrotEscapeTime higher dimensions should work for 11D (max supported)","status":"passed","title":"should work for 11D (max supported)","duration":1.7719170000000304,"failureMessages":[],"meta":{}},{"ancestorTitles":["mandelbrotSmoothEscapeTime"],"fullName":"mandelbrotSmoothEscapeTime should return maxIter for bounded points","status":"passed","title":"should return maxIter for bounded points","duration":0.12208300000020245,"failureMessages":[],"meta":{}},{"ancestorTitles":["mandelbrotSmoothEscapeTime"],"fullName":"mandelbrotSmoothEscapeTime should return fractional values for escaped points","status":"passed","title":"should return fractional values for escaped points","duration":0.07233300000007148,"failureMessages":[],"meta":{}},{"ancestorTitles":["mandelbrotSmoothEscapeTime"],"fullName":"mandelbrotSmoothEscapeTime should produce values close to discrete version","status":"passed","title":"should produce values close to discrete version","duration":0.0600409999999556,"failureMessages":[],"meta":{}},{"ancestorTitles":["generateSampleGrid"],"fullName":"generateSampleGrid should generate resolution^3 samples","status":"passed","title":"should generate resolution^3 samples","duration":0.3210830000000442,"failureMessages":[],"meta":{}},{"ancestorTitles":["generateSampleGrid"],"fullName":"generateSampleGrid should have valid worldPos coordinates","status":"passed","title":"should have valid worldPos coordinates","duration":7.373000000000047,"failureMessages":[],"meta":{}},{"ancestorTitles":["generateSampleGrid"],"fullName":"generateSampleGrid should have cVector matching dimension","status":"passed","title":"should have cVector matching dimension","duration":1.4635829999999714,"failureMessages":[],"meta":{}},{"ancestorTitles":["generateSampleGrid"],"fullName":"generateSampleGrid should compute escape times for all samples","status":"passed","title":"should compute escape times for all samples","duration":0.5294999999998709,"failureMessages":[],"meta":{}},{"ancestorTitles":["generateSampleGrid"],"fullName":"generateSampleGrid should use parameter values for non-visualized dimensions","status":"passed","title":"should use parameter values for non-visualized dimensions","duration":2.180166999999983,"failureMessages":[],"meta":{}},{"ancestorTitles":["filterSamples"],"fullName":"filterSamples should keep ALL points in escapeTime mode (fractal from colors)","status":"passed","title":"should keep ALL points in escapeTime mode (fractal from colors)","duration":0.4078750000001037,"failureMessages":[],"meta":{}},{"ancestorTitles":["filterSamples"],"fullName":"filterSamples should keep ALL points in smoothColoring mode","status":"passed","title":"should keep ALL points in smoothColoring mode","duration":0.21870799999987867,"failureMessages":[],"meta":{}},{"ancestorTitles":["filterSamples"],"fullName":"filterSamples should only keep bounded points in interiorOnly mode","status":"passed","title":"should only keep bounded points in interiorOnly mode","duration":0.13466699999980847,"failureMessages":[],"meta":{}},{"ancestorTitles":["generateMandelbrot","basic generation"],"fullName":"generateMandelbrot basic generation should generate NdGeometry with correct properties","status":"passed","title":"should generate NdGeometry with correct properties","duration":1.0076669999998558,"failureMessages":[],"meta":{}},{"ancestorTitles":["generateMandelbrot","basic generation"],"fullName":"generateMandelbrot basic generation should have vertices array","status":"passed","title":"should have vertices array","duration":0.6890419999999722,"failureMessages":[],"meta":{}},{"ancestorTitles":["generateMandelbrot","basic generation"],"fullName":"generateMandelbrot basic generation should include metadata","status":"passed","title":"should include metadata","duration":0.6012909999999465,"failureMessages":[],"meta":{}},{"ancestorTitles":["generateMandelbrot","basic generation"],"fullName":"generateMandelbrot basic generation should store properties in metadata","status":"passed","title":"should store properties in metadata","duration":0.517917000000125,"failureMessages":[],"meta":{}},{"ancestorTitles":["generateMandelbrot","dimension support"],"fullName":"generateMandelbrot dimension support should work for 3D","status":"passed","title":"should work for 3D","duration":11.64691700000003,"failureMessages":[],"meta":{}},{"ancestorTitles":["generateMandelbrot","dimension support"],"fullName":"generateMandelbrot dimension support should work for 4D","status":"passed","title":"should work for 4D","duration":8.508332999999993,"failureMessages":[],"meta":{}},{"ancestorTitles":["generateMandelbrot","dimension support"],"fullName":"generateMandelbrot dimension support should work for 7D","status":"passed","title":"should work for 7D","duration":0.16429199999993216,"failureMessages":[],"meta":{}},{"ancestorTitles":["generateMandelbrot","dimension support"],"fullName":"generateMandelbrot dimension support should throw for dimension < 3","status":"passed","title":"should throw for dimension < 3","duration":0.7796670000000177,"failureMessages":[],"meta":{}},{"ancestorTitles":["generateMandelbrot","resolution effects"],"fullName":"generateMandelbrot resolution effects should produce more points with higher resolution","status":"passed","title":"should produce more points with higher resolution","duration":8.782457999999906,"failureMessages":[],"meta":{}},{"ancestorTitles":["getMandelbrotStats"],"fullName":"getMandelbrotStats should compute total count","status":"passed","title":"should compute total count","duration":0.11841600000002472,"failureMessages":[],"meta":{}},{"ancestorTitles":["getMandelbrotStats"],"fullName":"getMandelbrotStats should count bounded points","status":"passed","title":"should count bounded points","duration":0.0548750000000382,"failureMessages":[],"meta":{}},{"ancestorTitles":["getMandelbrotStats"],"fullName":"getMandelbrotStats should count escaped points","status":"passed","title":"should count escaped points","duration":0.08549999999991087,"failureMessages":[],"meta":{}},{"ancestorTitles":["getMandelbrotStats"],"fullName":"getMandelbrotStats should compute bounded ratio","status":"passed","title":"should compute bounded ratio","duration":0.10354200000006131,"failureMessages":[],"meta":{}},{"ancestorTitles":["getMandelbrotStats"],"fullName":"getMandelbrotStats should compute min escape time","status":"passed","title":"should compute min escape time","duration":0.04716599999983373,"failureMessages":[],"meta":{}},{"ancestorTitles":["getMandelbrotStats"],"fullName":"getMandelbrotStats should compute max escape time","status":"passed","title":"should compute max escape time","duration":0.04387499999984357,"failureMessages":[],"meta":{}},{"ancestorTitles":["getMandelbrotStats"],"fullName":"getMandelbrotStats should compute average escape time","status":"passed","title":"should compute average escape time","duration":0.045624999999972715,"failureMessages":[],"meta":{}},{"ancestorTitles":["getMandelbrotStats"],"fullName":"getMandelbrotStats should handle empty samples","status":"passed","title":"should handle empty samples","duration":0.07312500000011823,"failureMessages":[],"meta":{}},{"ancestorTitles":["getMandelbrotStats"],"fullName":"getMandelbrotStats should handle all bounded samples","status":"passed","title":"should handle all bounded samples","duration":0.07529199999999037,"failureMessages":[],"meta":{}}],"startTime":1765540575594,"endTime":1765540575648.1035,"status":"passed","message":"","name":"/Users/Spare/Documents/code/mdimension/src/tests/lib/geometry/extended/mandelbrot.test.ts"},{"assertionResults":[{"ancestorTitles":["generateARoots","root count formula"],"fullName":"generateARoots root count formula should generate n(n-1) roots for A_{n-1}","status":"passed","title":"should generate n(n-1) roots for A_{n-1}","duration":1.6447499999999309,"failureMessages":[],"meta":{}},{"ancestorTitles":["generateARoots","root properties"],"fullName":"generateARoots root properties should have all roots with correct dimensionality","status":"passed","title":"should have all roots with correct dimensionality","duration":0.7767920000001141,"failureMessages":[],"meta":{}},{"ancestorTitles":["generateARoots","root properties"],"fullName":"generateARoots root properties should have normalized root length","status":"passed","title":"should have normalized root length","duration":0.2891250000002401,"failureMessages":[],"meta":{}},{"ancestorTitles":["generateARoots","root properties"],"fullName":"generateARoots root properties should respect scale factor","status":"passed","title":"should respect scale factor","duration":0.2899999999999636,"failureMessages":[],"meta":{}},{"ancestorTitles":["generateARoots","specific cases"],"fullName":"generateARoots specific cases should generate 12 roots for A_3 (n=4)","status":"passed","title":"should generate 12 roots for A_3 (n=4)","duration":0.2888750000001892,"failureMessages":[],"meta":{}},{"ancestorTitles":["generateARoots","specific cases"],"fullName":"generateARoots specific cases should generate 6 roots for A_2 (n=3)","status":"passed","title":"should generate 6 roots for A_2 (n=3)","duration":0.17695899999989706,"failureMessages":[],"meta":{}},{"ancestorTitles":["generateDRoots","dimension validation"],"fullName":"generateDRoots dimension validation should throw error for dimension < 4","status":"passed","title":"should throw error for dimension < 4","duration":0.4594579999998132,"failureMessages":[],"meta":{}},{"ancestorTitles":["generateDRoots","dimension validation"],"fullName":"generateDRoots dimension validation should accept dimension >= 4","status":"passed","title":"should accept dimension >= 4","duration":0.2775419999998121,"failureMessages":[],"meta":{}},{"ancestorTitles":["generateDRoots","root count formula"],"fullName":"generateDRoots root count formula should generate 2n(n-1) roots for D_n","status":"passed","title":"should generate 2n(n-1) roots for D_n","duration":0.31554099999993923,"failureMessages":[],"meta":{}},{"ancestorTitles":["generateDRoots","root properties"],"fullName":"generateDRoots root properties should have all roots with correct dimensionality","status":"passed","title":"should have all roots with correct dimensionality","duration":1.162583000000268,"failureMessages":[],"meta":{}},{"ancestorTitles":["generateDRoots","root properties"],"fullName":"generateDRoots root properties should have normalized root length","status":"passed","title":"should have normalized root length","duration":0.29141699999991033,"failureMessages":[],"meta":{}},{"ancestorTitles":["generateDRoots","specific cases"],"fullName":"generateDRoots specific cases should generate 24 roots for D_4","status":"passed","title":"should generate 24 roots for D_4","duration":0.14183299999967858,"failureMessages":[],"meta":{}},{"ancestorTitles":["generateDRoots","specific cases"],"fullName":"generateDRoots specific cases should generate 40 roots for D_5","status":"passed","title":"should generate 40 roots for D_5","duration":0.09008399999993344,"failureMessages":[],"meta":{}},{"ancestorTitles":["generateE8Roots","root count"],"fullName":"generateE8Roots root count should generate exactly 240 roots","status":"passed","title":"should generate exactly 240 roots","duration":0.34575000000040745,"failureMessages":[],"meta":{}},{"ancestorTitles":["generateE8Roots","root properties"],"fullName":"generateE8Roots root properties should have all roots in 8D","status":"passed","title":"should have all roots in 8D","duration":5.579291999999896,"failureMessages":[],"meta":{}},{"ancestorTitles":["generateE8Roots","root properties"],"fullName":"generateE8Roots root properties should have all roots with same length","status":"passed","title":"should have all roots with same length","duration":1.4186660000000302,"failureMessages":[],"meta":{}},{"ancestorTitles":["generateE8Roots","root properties"],"fullName":"generateE8Roots root properties should respect scale factor","status":"passed","title":"should respect scale factor","duration":1.3334159999999429,"failureMessages":[],"meta":{}},{"ancestorTitles":["generateE8Roots","verification"],"fullName":"generateE8Roots verification should pass verification","status":"passed","title":"should pass verification","duration":0.31658299999980954,"failureMessages":[],"meta":{}},{"ancestorTitles":["generateRootSystem","type A"],"fullName":"generateRootSystem type A should generate A root system","status":"passed","title":"should generate A root system","duration":0.20479100000011385,"failureMessages":[],"meta":{}},{"ancestorTitles":["generateRootSystem","type D"],"fullName":"generateRootSystem type D should generate D root system","status":"passed","title":"should generate D root system","duration":0.17962500000021464,"failureMessages":[],"meta":{}},{"ancestorTitles":["generateRootSystem","type D"],"fullName":"generateRootSystem type D should throw for dimension < 4","status":"passed","title":"should throw for dimension < 4","duration":0.08229200000005221,"failureMessages":[],"meta":{}},{"ancestorTitles":["generateRootSystem","type E8"],"fullName":"generateRootSystem type E8 should generate E8 root system in dimension 8","status":"passed","title":"should generate E8 root system in dimension 8","duration":6.072250000000167,"failureMessages":[],"meta":{}},{"ancestorTitles":["generateRootSystem","type E8"],"fullName":"generateRootSystem type E8 should throw for dimension != 8","status":"passed","title":"should throw for dimension != 8","duration":0.209041999999954,"failureMessages":[],"meta":{}},{"ancestorTitles":["generateRootSystem","edges"],"fullName":"generateRootSystem edges should always generate edges (like polytopes)","status":"passed","title":"should always generate edges (like polytopes)","duration":0.1259160000004158,"failureMessages":[],"meta":{}},{"ancestorTitles":["generateRootSystem","dimension validation"],"fullName":"generateRootSystem dimension validation should throw for dimension < 3","status":"passed","title":"should throw for dimension < 3","duration":0.08645799999976589,"failureMessages":[],"meta":{}},{"ancestorTitles":["getRootCount"],"fullName":"getRootCount should return correct count for type A","status":"passed","title":"should return correct count for type A","duration":0.0753749999998945,"failureMessages":[],"meta":{}},{"ancestorTitles":["getRootCount"],"fullName":"getRootCount should return correct count for type D","status":"passed","title":"should return correct count for type D","duration":0.05258400000002439,"failureMessages":[],"meta":{}},{"ancestorTitles":["getRootCount"],"fullName":"getRootCount should return 240 for E8","status":"passed","title":"should return 240 for E8","duration":0.03816599999981918,"failureMessages":[],"meta":{}},{"ancestorTitles":["validateRootSystemType"],"fullName":"validateRootSystemType should validate A type for any dimension >= 3","status":"passed","title":"should validate A type for any dimension >= 3","duration":0.06158400000003894,"failureMessages":[],"meta":{}},{"ancestorTitles":["validateRootSystemType"],"fullName":"validateRootSystemType should invalidate D type for dimension < 4","status":"passed","title":"should invalidate D type for dimension < 4","duration":0.049250000000029104,"failureMessages":[],"meta":{}},{"ancestorTitles":["validateRootSystemType"],"fullName":"validateRootSystemType should invalidate E8 for dimension != 8","status":"passed","title":"should invalidate E8 for dimension != 8","duration":0.05704199999991033,"failureMessages":[],"meta":{}}],"startTime":1765540577648,"endTime":1765540577672.0571,"status":"passed","message":"","name":"/Users/Spare/Documents/code/mdimension/src/tests/lib/geometry/extended/root-system.test.ts"}]}